<?xml version="1.0" encoding="UTF-8"?>
<testng-results ignored="0" total="1" passed="1" failed="0" skipped="0">
  <reporter-output>
  </reporter-output>
  <suite started-at="2021-04-28T18:12:23 IST" name="Default suite" finished-at="2021-04-28T18:12:28 IST" duration-ms="4686">
    <groups>
    </groups>
    <test started-at="2021-04-28T18:12:23 IST" name="Default test" finished-at="2021-04-28T18:12:28 IST" duration-ms="4686">
      <class name="com.bs.testCases.Rest">
        <test-method signature="getweatherDetails()[pri:0, instance:com.bs.testCases.Rest@581ac8a8]" started-at="2021-04-28T18:12:23 IST" name="getweatherDetails" finished-at="2021-04-28T18:12:28 IST" duration-ms="4594" status="PASS">
          <reporter-output>
          </reporter-output>
        </test-method> <!-- getweatherDetails -->
      </class> <!-- com.bs.testCases.Rest -->
    </test> <!-- Default test -->
  </suite> <!-- Default suite -->
</testng-results>
