<?xml version="1.0" encoding="UTF-8"?>
<testng-results ignored="0" total="1" passed="1" failed="0" skipped="0">
  <reporter-output>
  </reporter-output>
  <suite started-at="2021-03-30T11:08:44 IST" name="Default suite" finished-at="2021-03-30T11:08:45 IST" duration-ms="1364">
    <groups>
    </groups>
    <test started-at="2021-03-30T11:08:44 IST" name="Default test" finished-at="2021-03-30T11:08:45 IST" duration-ms="1364">
      <class name="bubble.ExtentReportDemo">
        <test-method signature="loginTest()[pri:0, instance:bubble.ExtentReportDemo@770d3326]" started-at="2021-03-30T11:08:44 IST" name="loginTest" finished-at="2021-03-30T11:08:45 IST" duration-ms="1295" status="PASS">
          <reporter-output>
          </reporter-output>
        </test-method> <!-- loginTest -->
      </class> <!-- bubble.ExtentReportDemo -->
    </test> <!-- Default test -->
  </suite> <!-- Default suite -->
</testng-results>
